Arguments: 
  D:\env\nodejs\node.exe D:\env\nodejs\node_modules\yarn\bin\yarn.js

PATH: 
  C:\Program Files\Git\mingw64\bin;C:\Program Files\Git\usr\bin;C:\Users\Administrator\bin;C:\Program Files (x86)\Common Files\Oracle\Java\javapath;C:\Windows\system32;C:\Windows;C:\Windows\System32\Wbem;C:\Windows\System32\WindowsPowerShell\v1.0;C:\Windows\System32\OpenSSH;D:\env\nvm;D:\env\nodejs;C:\Program Files\Git\cmd;D:\tools_dev\TortoiseGit\bin;C:\Program Files\Docker\Docker\resources\bin;C:\ProgramData\DockerDesktop\version-bin;C:\Users\Administrator\AppData\Local\Microsoft\WindowsApps;D:\env\nvm;D:\env\nodejs;D:\tools\bandizip;D:\tools_dev\IntelliJ IDEA 2021.2\bin;D:\tools_dev\PyCharm 2021.2\bin;D:\tools_dev\Microsoft VS Code\bin

Yarn version: 
  1.22.11

Node version: 
  14.17.4

Platform: 
  win32 x64

Trace: 
  Error: read ECONNRESET
      at TLSWrap.onStreamRead (internal/stream_base_commons.js:209:20)

npm manifest: 
  {
    "name": "vuepress-theme-thought",
    "version": "1.0.0",
    "main": "index.js",
    "license": "MIT",
    "directories": {
      "doc": "docs"
    },
    "scripts": {
      "docs:dev": "vuepress dev docs",
      "docs:build": "vuepress build docs"
    },
    "devDependencies": {
      "@vuepress/plugin-active-header-links": "^1.8.2",
      "@vuepress/plugin-back-to-top": "^1.8.2",
      "@vuepress/plugin-pwa": "^1.8.2",
      "vuepress": "^1.8.2",
      "vuepress-bar": "^0.4.2",
      "vuepress-plugin-md-enhance": "^1.20.3",
      "vuepress-plugin-permalink-pinyin": "^1.0.0",
      "vuepress-plugin-photo-swipe": "^1.19.1",
      "vuepress-plugin-rpurl": "github:boboidream/vuepress-plugin-rpurl",
      "vuepress-plugin-toolbar": "^1.0.1"
    },
    "dependencies": {
      "markdown-it-mark": "^3.0.1",
      "vuepress-plugin-code-copy": "^1.0.6"
    }
  }

yarn manifest: 
  No manifest

Lockfile: 
  No lockfile
